[debug] [2025-05-23T03:32:11.657Z] ----------------------------------------------------------------------
[debug] [2025-05-23T03:32:11.739Z] Command:       /usr/local/share/nvm/versions/node/v22.16.0/bin/node /usr/local/bin/firebase emulators:start
[debug] [2025-05-23T03:32:11.742Z] CLI Version:   14.4.0
[debug] [2025-05-23T03:32:11.747Z] Platform:      linux
[debug] [2025-05-23T03:32:11.748Z] Node Version:  v22.16.0
[debug] [2025-05-23T03:32:11.761Z] Time:          Fri May 23 2025 03:32:11 GMT+0000 (Coordinated Universal Time)
[debug] [2025-05-23T03:32:11.761Z] Env Overrides: FIRESTORE_EMULATOR_HOST
[debug] [2025-05-23T03:32:11.761Z] ----------------------------------------------------------------------
[debug] 
[debug] [2025-05-23T03:32:11.793Z] >>> [apiv2][query] GET https://firebase-public.firebaseio.com/cli.json [none]
[debug] [2025-05-23T03:32:16.674Z] > command requires scopes: ["email","openid","https://www.googleapis.com/auth/cloudplatformprojects.readonly","https://www.googleapis.com/auth/firebase","https://www.googleapis.com/auth/cloud-platform"]
[debug] [2025-05-23T03:32:18.742Z] <<< [apiv2][status] GET https://firebase-public.firebaseio.com/cli.json 200
[debug] [2025-05-23T03:32:18.747Z] <<< [apiv2][body] GET https://firebase-public.firebaseio.com/cli.json {"cloudBuildErrorAfter":1594252800000,"cloudBuildWarnAfter":1590019200000,"defaultNode10After":1594252800000,"minVersion":"3.0.5","node8DeploysDisabledAfter":1613390400000,"node8RuntimeDisabledAfter":1615809600000,"node8WarnAfter":1600128000000}
[debug] [2025-05-23T03:32:19.167Z] Running auto auth
[debug] [2025-05-23T03:32:24.151Z] openjdk version "17.0.15" 2025-04-15 LTS
OpenJDK Runtime Environment Microsoft-11369863 (build 17.0.15+6-LTS)
OpenJDK 64-Bit Server VM Microsoft-11369863 (build 17.0.15+6-LTS, mixed mode, sharing)

[debug] [2025-05-23T03:32:24.267Z] Parsed Java major version: 17
[info] i  emulators: Starting emulators: auth, firestore {"metadata":{"emulator":{"name":"hub"},"message":"Starting emulators: auth, firestore"}}
[warn] ⚠  hub: Error when trying to check port 4400 on ::1: Error: listen EADDRNOTAVAIL: address not available ::1:4400 {"metadata":{"emulator":{"name":"hub"},"message":"Error when trying to check port 4400 on ::1: Error: listen EADDRNOTAVAIL: address not available ::1:4400"}}
[warn] ⚠  hub: Port 4400 is available on 127.0.0.1 but not ::1. This may cause issues with some clients. {"metadata":{"emulator":{"name":"hub"},"message":"Port 4400 is available on 127.0.0.1 but not ::1. This may cause issues with some clients."}}
[warn] ⚠  hub: If you encounter connectivity issues, consider switching to a different port or explicitly specifying "host": "<ip address>" instead of hostname in firebase.json {"metadata":{"emulator":{"name":"hub"},"message":"If you encounter connectivity issues, consider switching to a different port or explicitly specifying \u001b[33m\"host\": \"<ip address>\"\u001b[39m instead of hostname in firebase.json"}}
[warn] ⚠  ui: Error when trying to check port 4000 on ::1: Error: listen EADDRNOTAVAIL: address not available ::1:4000 {"metadata":{"emulator":{"name":"ui"},"message":"Error when trying to check port 4000 on ::1: Error: listen EADDRNOTAVAIL: address not available ::1:4000"}}
[warn] ⚠  ui: Port 4000 is available on 127.0.0.1 but not ::1. This may cause issues with some clients. {"metadata":{"emulator":{"name":"ui"},"message":"Port 4000 is available on 127.0.0.1 but not ::1. This may cause issues with some clients."}}
[warn] ⚠  ui: If you encounter connectivity issues, consider switching to a different port or explicitly specifying "host": "<ip address>" instead of hostname in firebase.json {"metadata":{"emulator":{"name":"ui"},"message":"If you encounter connectivity issues, consider switching to a different port or explicitly specifying \u001b[33m\"host\": \"<ip address>\"\u001b[39m instead of hostname in firebase.json"}}
[warn] ⚠  logging: Error when trying to check port 4500 on ::1: Error: listen EADDRNOTAVAIL: address not available ::1:4500 {"metadata":{"emulator":{"name":"logging"},"message":"Error when trying to check port 4500 on ::1: Error: listen EADDRNOTAVAIL: address not available ::1:4500"}}
[warn] ⚠  logging: Port 4500 is available on 127.0.0.1 but not ::1. This may cause issues with some clients. {"metadata":{"emulator":{"name":"logging"},"message":"Port 4500 is available on 127.0.0.1 but not ::1. This may cause issues with some clients."}}
[warn] ⚠  logging: If you encounter connectivity issues, consider switching to a different port or explicitly specifying "host": "<ip address>" instead of hostname in firebase.json {"metadata":{"emulator":{"name":"logging"},"message":"If you encounter connectivity issues, consider switching to a different port or explicitly specifying \u001b[33m\"host\": \"<ip address>\"\u001b[39m instead of hostname in firebase.json"}}
[warn] ⚠  auth: Error when trying to check port 9099 on ::1: Error: listen EADDRNOTAVAIL: address not available ::1:9099 {"metadata":{"emulator":{"name":"auth"},"message":"Error when trying to check port 9099 on ::1: Error: listen EADDRNOTAVAIL: address not available ::1:9099"}}
[warn] ⚠  auth: Port 9099 is available on 127.0.0.1 but not ::1. This may cause issues with some clients. {"metadata":{"emulator":{"name":"auth"},"message":"Port 9099 is available on 127.0.0.1 but not ::1. This may cause issues with some clients."}}
[warn] ⚠  auth: If you encounter connectivity issues, consider switching to a different port or explicitly specifying "host": "<ip address>" instead of hostname in firebase.json {"metadata":{"emulator":{"name":"auth"},"message":"If you encounter connectivity issues, consider switching to a different port or explicitly specifying \u001b[33m\"host\": \"<ip address>\"\u001b[39m instead of hostname in firebase.json"}}
[warn] ⚠  firestore: Error when trying to check port 8080 on ::1: Error: listen EADDRNOTAVAIL: address not available ::1:8080 {"metadata":{"emulator":{"name":"firestore"},"message":"Error when trying to check port 8080 on ::1: Error: listen EADDRNOTAVAIL: address not available ::1:8080"}}
[warn] ⚠  firestore: Port 8080 is available on 127.0.0.1 but not ::1. This may cause issues with some clients. {"metadata":{"emulator":{"name":"firestore"},"message":"Port 8080 is available on 127.0.0.1 but not ::1. This may cause issues with some clients."}}
[warn] ⚠  firestore: If you encounter connectivity issues, consider switching to a different port or explicitly specifying "host": "<ip address>" instead of hostname in firebase.json {"metadata":{"emulator":{"name":"firestore"},"message":"If you encounter connectivity issues, consider switching to a different port or explicitly specifying \u001b[33m\"host\": \"<ip address>\"\u001b[39m instead of hostname in firebase.json"}}
[warn] ⚠  firestore.websocket: Error when trying to check port 9150 on ::1: Error: listen EADDRNOTAVAIL: address not available ::1:9150 {"metadata":{"emulator":{"name":"firestore"},"message":"Error when trying to check port 9150 on ::1: Error: listen EADDRNOTAVAIL: address not available ::1:9150"}}
[warn] ⚠  firestore: Port 9150 is available on 127.0.0.1 but not ::1. This may cause issues with some clients. {"metadata":{"emulator":{"name":"firestore"},"message":"Port 9150 is available on 127.0.0.1 but not ::1. This may cause issues with some clients."}}
[warn] ⚠  firestore: If you encounter connectivity issues, consider switching to a different port or explicitly specifying "host": "<ip address>" instead of hostname in firebase.json {"metadata":{"emulator":{"name":"firestore"},"message":"If you encounter connectivity issues, consider switching to a different port or explicitly specifying \u001b[33m\"host\": \"<ip address>\"\u001b[39m instead of hostname in firebase.json"}}
[debug] [2025-05-23T03:32:24.467Z] assigned listening specs for emulators {"user":{"hub":[{"address":"127.0.0.1","family":"IPv4","port":4400}],"ui":[{"address":"127.0.0.1","family":"IPv4","port":4000}],"logging":[{"address":"127.0.0.1","family":"IPv4","port":4500}],"auth":[{"address":"127.0.0.1","family":"IPv4","port":9099}],"firestore":[{"address":"127.0.0.1","family":"IPv4","port":8080}],"firestore.websocket":[{"address":"127.0.0.1","family":"IPv4","port":9150}]},"metadata":{"message":"assigned listening specs for emulators"}}
[debug] [2025-05-23T03:32:24.532Z] [hub] writing locator at /tmp/hub-from-notion-460519.json
[warn] ⚠  firestore: Cloud Firestore Emulator does not support multiple databases yet. {"metadata":{"emulator":{"name":"firestore"},"message":"Cloud Firestore Emulator does not support multiple databases yet."}}
[warn] ⚠  firestore: Did not find a Cloud Firestore rules file specified in a firebase.json config file. {"metadata":{"emulator":{"name":"firestore"},"message":"Did not find a Cloud Firestore rules file specified in a firebase.json config file."}}
[warn] ⚠  firestore: The emulator will default to allowing all reads and writes. Learn more about this option: https://firebase.google.com/docs/emulator-suite/install_and_configure#security_rules_configuration. {"metadata":{"emulator":{"name":"firestore"},"message":"The emulator will default to allowing all reads and writes. Learn more about this option: https://firebase.google.com/docs/emulator-suite/install_and_configure#security_rules_configuration."}}
[info] i  firestore: downloading cloud-firestore-emulator-v1.19.8.jar... {"metadata":{"emulator":{"name":"firestore"},"message":"downloading cloud-firestore-emulator-v1.19.8.jar..."}}
[debug] [2025-05-23T03:32:24.645Z] >>> [apiv2][query] GET https://storage.googleapis.com/firebase-preview-drop/emulator/cloud-firestore-emulator-v1.19.8.jar 
[debug] [2025-05-23T03:32:25.005Z] <<< [apiv2][status] GET https://storage.googleapis.com/firebase-preview-drop/emulator/cloud-firestore-emulator-v1.19.8.jar 200
[debug] [2025-05-23T03:32:25.006Z] <<< [apiv2][body] GET https://storage.googleapis.com/firebase-preview-drop/emulator/cloud-firestore-emulator-v1.19.8.jar [stream]
[debug] [2025-05-23T03:32:34.955Z] Ignoring unsupported arg: auto_download {"metadata":{"emulator":{"name":"firestore"},"message":"Ignoring unsupported arg: auto_download"}}
[debug] [2025-05-23T03:32:34.981Z] Ignoring unsupported arg: single_project_mode_error {"metadata":{"emulator":{"name":"firestore"},"message":"Ignoring unsupported arg: single_project_mode_error"}}
[debug] [2025-05-23T03:32:34.981Z] Starting Firestore Emulator with command {"binary":"java","args":["-Dgoogle.cloud_firestore.debug_log_level=FINE","-Duser.language=en","-jar","/root/.cache/firebase/emulators/cloud-firestore-emulator-v1.19.8.jar","--host","127.0.0.1","--port",8080,"--websocket_port",9150,"--project_id","from-notion-460519","--single_project_mode",true],"optionalArgs":["port","webchannel_port","host","rules","websocket_port","functions_emulator","seed_from_export","project_id","single_project_mode"],"joinArgs":false,"shell":false,"port":8080} {"metadata":{"emulator":{"name":"firestore"},"message":"Starting Firestore Emulator with command {\"binary\":\"java\",\"args\":[\"-Dgoogle.cloud_firestore.debug_log_level=FINE\",\"-Duser.language=en\",\"-jar\",\"/root/.cache/firebase/emulators/cloud-firestore-emulator-v1.19.8.jar\",\"--host\",\"127.0.0.1\",\"--port\",8080,\"--websocket_port\",9150,\"--project_id\",\"from-notion-460519\",\"--single_project_mode\",true],\"optionalArgs\":[\"port\",\"webchannel_port\",\"host\",\"rules\",\"websocket_port\",\"functions_emulator\",\"seed_from_export\",\"project_id\",\"single_project_mode\"],\"joinArgs\":false,\"shell\":false,\"port\":8080}"}}
[info] i  firestore: Firestore Emulator logging to firestore-debug.log {"metadata":{"emulator":{"name":"firestore"},"message":"Firestore Emulator logging to \u001b[1mfirestore-debug.log\u001b[22m"}}
[debug] [2025-05-23T03:32:40.284Z] May 23, 2025 3:32:40 AM com.google.cloud.datastore.emulator.firestore.websocket.WebSocketServer start
INFO: Started WebSocket server on ws://127.0.0.1:9150
 {"metadata":{"emulator":{"name":"firestore"},"message":"May 23, 2025 3:32:40 AM com.google.cloud.datastore.emulator.firestore.websocket.WebSocketServer start\nINFO: Started WebSocket server on ws://127.0.0.1:9150\n"}}
[debug] [2025-05-23T03:32:40.310Z] API endpoint: http:// {"metadata":{"emulator":{"name":"firestore"},"message":"API endpoint: http://"}}
[debug] [2025-05-23T03:32:40.310Z] 127.0.0.1:8080
If you are using a library that supports the FIRESTORE_EMULATOR_HOST environment variable, run:

   export FIRESTORE_EMULATOR_HOST=127.0.0.1:8080

If you are running a Firestore in Datastore Mode project, run:

   export DATASTORE_EMULATOR_HOST=127.0.0.1:8080

Note: Support for Datastore Mode is in preview. If you encounter any bugs please file at https://github.com/firebase/firebase-tools/issues.
Dev App Server is now running.

 {"metadata":{"emulator":{"name":"firestore"},"message":"127.0.0.1:8080\nIf you are using a library that supports the FIRESTORE_EMULATOR_HOST environment variable, run:\n\n   export FIRESTORE_EMULATOR_HOST=127.0.0.1:8080\n\nIf you are running a Firestore in Datastore Mode project, run:\n\n   export DATASTORE_EMULATOR_HOST=127.0.0.1:8080\n\nNote: Support for Datastore Mode is in preview. If you encounter any bugs please file at https://github.com/firebase/firebase-tools/issues.\nDev App Server is now running.\n\n"}}
[info] ✔  firestore: Firestore Emulator UI websocket is running on 9150. {"metadata":{"emulator":{"name":"firestore"},"message":"Firestore Emulator UI websocket is running on 9150."}}
[info] i  ui: downloading ui-v1.15.0.zip... {"metadata":{"emulator":{"name":"ui"},"message":"downloading ui-v1.15.0.zip..."}}
[debug] [2025-05-23T03:32:56.648Z] >>> [apiv2][query] GET https://storage.googleapis.com/firebase-preview-drop/emulator/ui-v1.15.0.zip 
[debug] [2025-05-23T03:32:57.741Z] <<< [apiv2][status] GET https://storage.googleapis.com/firebase-preview-drop/emulator/ui-v1.15.0.zip 200
[debug] [2025-05-23T03:32:57.753Z] <<< [apiv2][body] GET https://storage.googleapis.com/firebase-preview-drop/emulator/ui-v1.15.0.zip [stream]
[debug] [2025-05-23T03:32:59.392Z] Data is 3538469
[debug] [2025-05-23T03:32:59.397Z] [unzip] Entry: client/ (compressed_size=0 bytes, uncompressed_size=0 bytes)
[debug] [2025-05-23T03:32:59.398Z] [unzip] Processing entry: client/
[debug] [2025-05-23T03:32:59.398Z] [unzip] mkdir: /root/.cache/firebase/emulators/ui-v1.15.0/client/
[debug] [2025-05-23T03:32:59.406Z] [unzip] Entry: client/favicon-16x16.png (compressed_size=293 bytes, uncompressed_size=293 bytes)
[debug] [2025-05-23T03:32:59.406Z] [unzip] Processing entry: client/favicon-16x16.png
[debug] [2025-05-23T03:32:59.407Z] [unzip] else mkdir: /root/.cache/firebase/emulators/ui-v1.15.0/client
[debug] [2025-05-23T03:32:59.408Z] [unzip] Writing file: /root/.cache/firebase/emulators/ui-v1.15.0/client/favicon-16x16.png
[debug] [2025-05-23T03:32:59.414Z] [unzip] Entry: client/safari-pinned-tab.svg (compressed_size=1433 bytes, uncompressed_size=2611 bytes)
[debug] [2025-05-23T03:32:59.415Z] [unzip] Processing entry: client/safari-pinned-tab.svg
[debug] [2025-05-23T03:32:59.415Z] [unzip] else mkdir: /root/.cache/firebase/emulators/ui-v1.15.0/client
[debug] [2025-05-23T03:32:59.415Z] [unzip] deflating: /root/.cache/firebase/emulators/ui-v1.15.0/client/safari-pinned-tab.svg
[debug] [2025-05-23T03:32:59.468Z] [unzip] Entry: client/favicon.ico (compressed_size=2933 bytes, uncompressed_size=13294 bytes)
[debug] [2025-05-23T03:32:59.468Z] [unzip] Processing entry: client/favicon.ico
[debug] [2025-05-23T03:32:59.468Z] [unzip] else mkdir: /root/.cache/firebase/emulators/ui-v1.15.0/client
[debug] [2025-05-23T03:32:59.469Z] [unzip] deflating: /root/.cache/firebase/emulators/ui-v1.15.0/client/favicon.ico
[debug] [2025-05-23T03:32:59.479Z] [unzip] Entry: client/index.html (compressed_size=1364 bytes, uncompressed_size=3071 bytes)
[debug] [2025-05-23T03:32:59.479Z] [unzip] Processing entry: client/index.html
[debug] [2025-05-23T03:32:59.479Z] [unzip] else mkdir: /root/.cache/firebase/emulators/ui-v1.15.0/client
[debug] [2025-05-23T03:32:59.480Z] [unzip] deflating: /root/.cache/firebase/emulators/ui-v1.15.0/client/index.html
[debug] [2025-05-23T03:32:59.481Z] [unzip] Entry: client/android-chrome-192x192.png (compressed_size=2684 bytes, uncompressed_size=2684 bytes)
[debug] [2025-05-23T03:32:59.482Z] [unzip] Processing entry: client/android-chrome-192x192.png
[debug] [2025-05-23T03:32:59.482Z] [unzip] else mkdir: /root/.cache/firebase/emulators/ui-v1.15.0/client
[debug] [2025-05-23T03:32:59.482Z] [unzip] Writing file: /root/.cache/firebase/emulators/ui-v1.15.0/client/android-chrome-192x192.png
[debug] [2025-05-23T03:32:59.483Z] [unzip] Entry: client/apple-touch-icon.png (compressed_size=2123 bytes, uncompressed_size=2152 bytes)
[debug] [2025-05-23T03:32:59.483Z] [unzip] Processing entry: client/apple-touch-icon.png
[debug] [2025-05-23T03:32:59.483Z] [unzip] else mkdir: /root/.cache/firebase/emulators/ui-v1.15.0/client
[debug] [2025-05-23T03:32:59.484Z] [unzip] deflating: /root/.cache/firebase/emulators/ui-v1.15.0/client/apple-touch-icon.png
[debug] [2025-05-23T03:32:59.493Z] [unzip] Entry: client/android-chrome-512x512.png (compressed_size=5369 bytes, uncompressed_size=5411 bytes)
[debug] [2025-05-23T03:32:59.493Z] [unzip] Processing entry: client/android-chrome-512x512.png
[debug] [2025-05-23T03:32:59.493Z] [unzip] else mkdir: /root/.cache/firebase/emulators/ui-v1.15.0/client
[debug] [2025-05-23T03:32:59.493Z] [unzip] deflating: /root/.cache/firebase/emulators/ui-v1.15.0/client/android-chrome-512x512.png
[debug] [2025-05-23T03:32:59.501Z] [unzip] Entry: client/manifest.json (compressed_size=245 bytes, uncompressed_size=551 bytes)
[debug] [2025-05-23T03:32:59.501Z] [unzip] Processing entry: client/manifest.json
[debug] [2025-05-23T03:32:59.501Z] [unzip] else mkdir: /root/.cache/firebase/emulators/ui-v1.15.0/client
[debug] [2025-05-23T03:32:59.501Z] [unzip] deflating: /root/.cache/firebase/emulators/ui-v1.15.0/client/manifest.json
[debug] [2025-05-23T03:32:59.507Z] [unzip] Entry: client/robots.txt (compressed_size=26 bytes, uncompressed_size=26 bytes)
[debug] [2025-05-23T03:32:59.507Z] [unzip] Processing entry: client/robots.txt
[debug] [2025-05-23T03:32:59.509Z] [unzip] else mkdir: /root/.cache/firebase/emulators/ui-v1.15.0/client
[debug] [2025-05-23T03:32:59.510Z] [unzip] Writing file: /root/.cache/firebase/emulators/ui-v1.15.0/client/robots.txt
[debug] [2025-05-23T03:32:59.511Z] [unzip] Entry: client/mstile-150x150.png (compressed_size=2034 bytes, uncompressed_size=2034 bytes)
[debug] [2025-05-23T03:32:59.511Z] [unzip] Processing entry: client/mstile-150x150.png
[debug] [2025-05-23T03:32:59.511Z] [unzip] else mkdir: /root/.cache/firebase/emulators/ui-v1.15.0/client
[debug] [2025-05-23T03:32:59.512Z] [unzip] Writing file: /root/.cache/firebase/emulators/ui-v1.15.0/client/mstile-150x150.png
[debug] [2025-05-23T03:32:59.513Z] [unzip] Entry: client/assets/ (compressed_size=0 bytes, uncompressed_size=0 bytes)
[debug] [2025-05-23T03:32:59.513Z] [unzip] Processing entry: client/assets/
[debug] [2025-05-23T03:32:59.513Z] [unzip] mkdir: /root/.cache/firebase/emulators/ui-v1.15.0/client/assets/
[debug] [2025-05-23T03:32:59.514Z] [unzip] Entry: client/assets/index-BX-A56oj.js (compressed_size=582089 bytes, uncompressed_size=2092775 bytes)
[debug] [2025-05-23T03:32:59.514Z] [unzip] Processing entry: client/assets/index-BX-A56oj.js
[debug] [2025-05-23T03:32:59.514Z] [unzip] else mkdir: /root/.cache/firebase/emulators/ui-v1.15.0/client/assets
[debug] [2025-05-23T03:32:59.515Z] [unzip] deflating: /root/.cache/firebase/emulators/ui-v1.15.0/client/assets/index-BX-A56oj.js
[debug] [2025-05-23T03:32:59.607Z] [unzip] Entry: client/assets/index-CjB9C900.css (compressed_size=35979 bytes, uncompressed_size=298654 bytes)
[debug] [2025-05-23T03:32:59.607Z] [unzip] Processing entry: client/assets/index-CjB9C900.css
[debug] [2025-05-23T03:32:59.607Z] [unzip] else mkdir: /root/.cache/firebase/emulators/ui-v1.15.0/client/assets
[debug] [2025-05-23T03:32:59.608Z] [unzip] deflating: /root/.cache/firebase/emulators/ui-v1.15.0/client/assets/index-CjB9C900.css
[debug] [2025-05-23T03:32:59.643Z] [unzip] Entry: client/assets/index-BX-A56oj.js.map (compressed_size=2362482 bytes, uncompressed_size=10036679 bytes)
[debug] [2025-05-23T03:32:59.643Z] [unzip] Processing entry: client/assets/index-BX-A56oj.js.map
[debug] [2025-05-23T03:32:59.643Z] [unzip] else mkdir: /root/.cache/firebase/emulators/ui-v1.15.0/client/assets
[debug] [2025-05-23T03:32:59.644Z] [unzip] deflating: /root/.cache/firebase/emulators/ui-v1.15.0/client/assets/index-BX-A56oj.js.map
[debug] [2025-05-23T03:33:00.160Z] [unzip] Entry: client/assets/extensions/ (compressed_size=0 bytes, uncompressed_size=0 bytes)
[debug] [2025-05-23T03:33:00.160Z] [unzip] Processing entry: client/assets/extensions/
[debug] [2025-05-23T03:33:00.160Z] [unzip] mkdir: /root/.cache/firebase/emulators/ui-v1.15.0/client/assets/extensions/
[debug] [2025-05-23T03:33:00.161Z] [unzip] Entry: client/assets/extensions/default-extension.png (compressed_size=1646 bytes, uncompressed_size=1657 bytes)
[debug] [2025-05-23T03:33:00.161Z] [unzip] Processing entry: client/assets/extensions/default-extension.png
[debug] [2025-05-23T03:33:00.161Z] [unzip] else mkdir: /root/.cache/firebase/emulators/ui-v1.15.0/client/assets/extensions
[debug] [2025-05-23T03:33:00.161Z] [unzip] deflating: /root/.cache/firebase/emulators/ui-v1.15.0/client/assets/extensions/default-extension.png
[debug] [2025-05-23T03:33:00.172Z] [unzip] Entry: client/assets/img/ (compressed_size=0 bytes, uncompressed_size=0 bytes)
[debug] [2025-05-23T03:33:00.172Z] [unzip] Processing entry: client/assets/img/
[debug] [2025-05-23T03:33:00.172Z] [unzip] mkdir: /root/.cache/firebase/emulators/ui-v1.15.0/client/assets/img/
[debug] [2025-05-23T03:33:00.173Z] [unzip] Entry: client/assets/img/database.png (compressed_size=29449 bytes, uncompressed_size=29988 bytes)
[debug] [2025-05-23T03:33:00.173Z] [unzip] Processing entry: client/assets/img/database.png
[debug] [2025-05-23T03:33:00.173Z] [unzip] else mkdir: /root/.cache/firebase/emulators/ui-v1.15.0/client/assets/img
[debug] [2025-05-23T03:33:00.173Z] [unzip] deflating: /root/.cache/firebase/emulators/ui-v1.15.0/client/assets/img/database.png
[debug] [2025-05-23T03:33:00.179Z] [unzip] Entry: client/assets/provider-icons/ (compressed_size=0 bytes, uncompressed_size=0 bytes)
[debug] [2025-05-23T03:33:00.180Z] [unzip] Processing entry: client/assets/provider-icons/
[debug] [2025-05-23T03:33:00.180Z] [unzip] mkdir: /root/.cache/firebase/emulators/ui-v1.15.0/client/assets/provider-icons/
[debug] [2025-05-23T03:33:00.182Z] [unzip] Entry: client/assets/provider-icons/auth_service_saml.svg (compressed_size=575 bytes, uncompressed_size=1226 bytes)
[debug] [2025-05-23T03:33:00.183Z] [unzip] Processing entry: client/assets/provider-icons/auth_service_saml.svg
[debug] [2025-05-23T03:33:00.183Z] [unzip] else mkdir: /root/.cache/firebase/emulators/ui-v1.15.0/client/assets/provider-icons
[debug] [2025-05-23T03:33:00.186Z] [unzip] deflating: /root/.cache/firebase/emulators/ui-v1.15.0/client/assets/provider-icons/auth_service_saml.svg
[debug] [2025-05-23T03:33:00.189Z] [unzip] Entry: client/assets/provider-icons/auth_service_phone.svg (compressed_size=261 bytes, uncompressed_size=414 bytes)
[debug] [2025-05-23T03:33:00.192Z] [unzip] Processing entry: client/assets/provider-icons/auth_service_phone.svg
[debug] [2025-05-23T03:33:00.192Z] [unzip] else mkdir: /root/.cache/firebase/emulators/ui-v1.15.0/client/assets/provider-icons
[debug] [2025-05-23T03:33:00.192Z] [unzip] deflating: /root/.cache/firebase/emulators/ui-v1.15.0/client/assets/provider-icons/auth_service_phone.svg
[debug] [2025-05-23T03:33:00.193Z] [unzip] Entry: client/assets/provider-icons/auth_service_facebook.svg (compressed_size=289 bytes, uncompressed_size=457 bytes)
[debug] [2025-05-23T03:33:00.193Z] [unzip] Processing entry: client/assets/provider-icons/auth_service_facebook.svg
[debug] [2025-05-23T03:33:00.193Z] [unzip] else mkdir: /root/.cache/firebase/emulators/ui-v1.15.0/client/assets/provider-icons
[debug] [2025-05-23T03:33:00.193Z] [unzip] deflating: /root/.cache/firebase/emulators/ui-v1.15.0/client/assets/provider-icons/auth_service_facebook.svg
[debug] [2025-05-23T03:33:00.195Z] [unzip] Entry: client/assets/provider-icons/auth_service_game_center.svg (compressed_size=991 bytes, uncompressed_size=3921 bytes)
[debug] [2025-05-23T03:33:00.195Z] [unzip] Processing entry: client/assets/provider-icons/auth_service_game_center.svg
[debug] [2025-05-23T03:33:00.195Z] [unzip] else mkdir: /root/.cache/firebase/emulators/ui-v1.15.0/client/assets/provider-icons
[debug] [2025-05-23T03:33:00.195Z] [unzip] deflating: /root/.cache/firebase/emulators/ui-v1.15.0/client/assets/provider-icons/auth_service_game_center.svg
[debug] [2025-05-23T03:33:00.197Z] [unzip] Entry: client/assets/provider-icons/auth_service_apple.svg (compressed_size=230 bytes, uncompressed_size=334 bytes)
[debug] [2025-05-23T03:33:00.197Z] [unzip] Processing entry: client/assets/provider-icons/auth_service_apple.svg
[debug] [2025-05-23T03:33:00.197Z] [unzip] else mkdir: /root/.cache/firebase/emulators/ui-v1.15.0/client/assets/provider-icons
[debug] [2025-05-23T03:33:00.198Z] [unzip] deflating: /root/.cache/firebase/emulators/ui-v1.15.0/client/assets/provider-icons/auth_service_apple.svg
[debug] [2025-05-23T03:33:00.205Z] [unzip] Entry: client/assets/provider-icons/auth_service_github.svg (compressed_size=466 bytes, uncompressed_size=838 bytes)
[debug] [2025-05-23T03:33:00.205Z] [unzip] Processing entry: client/assets/provider-icons/auth_service_github.svg
[debug] [2025-05-23T03:33:00.206Z] [unzip] else mkdir: /root/.cache/firebase/emulators/ui-v1.15.0/client/assets/provider-icons
[debug] [2025-05-23T03:33:00.206Z] [unzip] deflating: /root/.cache/firebase/emulators/ui-v1.15.0/client/assets/provider-icons/auth_service_github.svg
[debug] [2025-05-23T03:33:00.211Z] [unzip] Entry: client/assets/provider-icons/auth_service_mslive.svg (compressed_size=203 bytes, uncompressed_size=378 bytes)
[debug] [2025-05-23T03:33:00.211Z] [unzip] Processing entry: client/assets/provider-icons/auth_service_mslive.svg
[debug] [2025-05-23T03:33:00.211Z] [unzip] else mkdir: /root/.cache/firebase/emulators/ui-v1.15.0/client/assets/provider-icons
[debug] [2025-05-23T03:33:00.211Z] [unzip] deflating: /root/.cache/firebase/emulators/ui-v1.15.0/client/assets/provider-icons/auth_service_mslive.svg
[debug] [2025-05-23T03:33:00.217Z] [unzip] Entry: client/assets/provider-icons/auth_service_yahoo.svg (compressed_size=577 bytes, uncompressed_size=1182 bytes)
[debug] [2025-05-23T03:33:00.218Z] [unzip] Processing entry: client/assets/provider-icons/auth_service_yahoo.svg
[debug] [2025-05-23T03:33:00.218Z] [unzip] else mkdir: /root/.cache/firebase/emulators/ui-v1.15.0/client/assets/provider-icons
[debug] [2025-05-23T03:33:00.218Z] [unzip] deflating: /root/.cache/firebase/emulators/ui-v1.15.0/client/assets/provider-icons/auth_service_yahoo.svg
[debug] [2025-05-23T03:33:00.227Z] [unzip] Entry: client/assets/provider-icons/auth_service_twitter.svg (compressed_size=444 bytes, uncompressed_size=751 bytes)
[debug] [2025-05-23T03:33:00.228Z] [unzip] Processing entry: client/assets/provider-icons/auth_service_twitter.svg
[debug] [2025-05-23T03:33:00.228Z] [unzip] else mkdir: /root/.cache/firebase/emulators/ui-v1.15.0/client/assets/provider-icons
[debug] [2025-05-23T03:33:00.228Z] [unzip] deflating: /root/.cache/firebase/emulators/ui-v1.15.0/client/assets/provider-icons/auth_service_twitter.svg
[debug] [2025-05-23T03:33:00.235Z] [unzip] Entry: client/assets/provider-icons/auth_service_play_games.svg (compressed_size=565 bytes, uncompressed_size=1173 bytes)
[debug] [2025-05-23T03:33:00.235Z] [unzip] Processing entry: client/assets/provider-icons/auth_service_play_games.svg
[debug] [2025-05-23T03:33:00.235Z] [unzip] else mkdir: /root/.cache/firebase/emulators/ui-v1.15.0/client/assets/provider-icons
[debug] [2025-05-23T03:33:00.235Z] [unzip] deflating: /root/.cache/firebase/emulators/ui-v1.15.0/client/assets/provider-icons/auth_service_play_games.svg
[debug] [2025-05-23T03:33:00.245Z] [unzip] Entry: client/assets/provider-icons/auth_service_email.svg (compressed_size=228 bytes, uncompressed_size=326 bytes)
[debug] [2025-05-23T03:33:00.246Z] [unzip] Processing entry: client/assets/provider-icons/auth_service_email.svg
[debug] [2025-05-23T03:33:00.246Z] [unzip] else mkdir: /root/.cache/firebase/emulators/ui-v1.15.0/client/assets/provider-icons
[debug] [2025-05-23T03:33:00.246Z] [unzip] deflating: /root/.cache/firebase/emulators/ui-v1.15.0/client/assets/provider-icons/auth_service_email.svg
[debug] [2025-05-23T03:33:00.247Z] [unzip] Entry: client/assets/provider-icons/auth_service_google.svg (compressed_size=409 bytes, uncompressed_size=720 bytes)
[debug] [2025-05-23T03:33:00.248Z] [unzip] Processing entry: client/assets/provider-icons/auth_service_google.svg
[debug] [2025-05-23T03:33:00.249Z] [unzip] else mkdir: /root/.cache/firebase/emulators/ui-v1.15.0/client/assets/provider-icons
[debug] [2025-05-23T03:33:00.249Z] [unzip] deflating: /root/.cache/firebase/emulators/ui-v1.15.0/client/assets/provider-icons/auth_service_google.svg
[debug] [2025-05-23T03:33:00.256Z] [unzip] Entry: client/assets/provider-icons/auth_service_oidc.svg (compressed_size=414 bytes, uncompressed_size=858 bytes)
[debug] [2025-05-23T03:33:00.256Z] [unzip] Processing entry: client/assets/provider-icons/auth_service_oidc.svg
[debug] [2025-05-23T03:33:00.257Z] [unzip] else mkdir: /root/.cache/firebase/emulators/ui-v1.15.0/client/assets/provider-icons
[debug] [2025-05-23T03:33:00.261Z] [unzip] deflating: /root/.cache/firebase/emulators/ui-v1.15.0/client/assets/provider-icons/auth_service_oidc.svg
[debug] [2025-05-23T03:33:00.262Z] [unzip] Entry: client/browserconfig.xml (compressed_size=491 bytes, uncompressed_size=822 bytes)
[debug] [2025-05-23T03:33:00.262Z] [unzip] Processing entry: client/browserconfig.xml
[debug] [2025-05-23T03:33:00.262Z] [unzip] else mkdir: /root/.cache/firebase/emulators/ui-v1.15.0/client
[debug] [2025-05-23T03:33:00.263Z] [unzip] deflating: /root/.cache/firebase/emulators/ui-v1.15.0/client/browserconfig.xml
[debug] [2025-05-23T03:33:00.266Z] [unzip] Entry: client/favicon-32x32.png (compressed_size=475 bytes, uncompressed_size=475 bytes)
[debug] [2025-05-23T03:33:00.267Z] [unzip] Processing entry: client/favicon-32x32.png
[debug] [2025-05-23T03:33:00.267Z] [unzip] else mkdir: /root/.cache/firebase/emulators/ui-v1.15.0/client
[debug] [2025-05-23T03:33:00.268Z] [unzip] Writing file: /root/.cache/firebase/emulators/ui-v1.15.0/client/favicon-32x32.png
[debug] [2025-05-23T03:33:00.269Z] [unzip] Entry: server/ (compressed_size=0 bytes, uncompressed_size=0 bytes)
[debug] [2025-05-23T03:33:00.270Z] [unzip] Processing entry: server/
[debug] [2025-05-23T03:33:00.270Z] [unzip] mkdir: /root/.cache/firebase/emulators/ui-v1.15.0/server/
[debug] [2025-05-23T03:33:00.270Z] [unzip] Entry: server/server.mjs.map (compressed_size=217845 bytes, uncompressed_size=944978 bytes)
[debug] [2025-05-23T03:33:00.270Z] [unzip] Processing entry: server/server.mjs.map
[debug] [2025-05-23T03:33:00.271Z] [unzip] else mkdir: /root/.cache/firebase/emulators/ui-v1.15.0/server
[debug] [2025-05-23T03:33:00.271Z] [unzip] deflating: /root/.cache/firebase/emulators/ui-v1.15.0/server/server.mjs.map
[debug] [2025-05-23T03:33:00.351Z] [unzip] Entry: server/server.mjs (compressed_size=276407 bytes, uncompressed_size=933701 bytes)
[debug] [2025-05-23T03:33:00.351Z] [unzip] Processing entry: server/server.mjs
[debug] [2025-05-23T03:33:00.351Z] [unzip] else mkdir: /root/.cache/firebase/emulators/ui-v1.15.0/server
[debug] [2025-05-23T03:33:00.351Z] [unzip] deflating: /root/.cache/firebase/emulators/ui-v1.15.0/server/server.mjs
[debug] [2025-05-23T03:33:01.116Z] Could not find VSCode notification endpoint: FetchError: request to http://localhost:40001/vscode/notify failed, reason: connect ECONNREFUSED 127.0.0.1:40001. If you are not running the Firebase Data Connect VSCode extension, this is expected and not an issue.
[info] 
┌─────────────────────────────────────────────────────────────┐
│ ✔  All emulators ready! It is now safe to connect your app. │
│ i  View Emulator UI at http://127.0.0.1:4000/               │
└─────────────────────────────────────────────────────────────┘

┌────────────────┬────────────────┬─────────────────────────────────┐
│ Emulator       │ Host:Port      │ View in Emulator UI             │
├────────────────┼────────────────┼─────────────────────────────────┤
│ Authentication │ 127.0.0.1:9099 │ http://127.0.0.1:4000/auth      │
├────────────────┼────────────────┼─────────────────────────────────┤
│ Firestore      │ 127.0.0.1:8080 │ http://127.0.0.1:4000/firestore │
└────────────────┴────────────────┴─────────────────────────────────┘
  Emulator Hub host: 127.0.0.1 port: 4400
  Other reserved ports: 4500, 9150

Issues? Report them at https://github.com/firebase/firebase-tools/issues and attach the *-debug.log files.
 
[debug] [2025-05-23T03:38:30.727Z] May 23, 2025 3:38:30 AM com.google.cloud.datastore.emulator.firestore.websocket.WebSocketChannelHandler initChannel
INFO: Connected to new websocket client
 {"metadata":{"emulator":{"name":"firestore"},"message":"May 23, 2025 3:38:30 AM com.google.cloud.datastore.emulator.firestore.websocket.WebSocketChannelHandler initChannel\nINFO: Connected to new websocket client\n"}}
[debug] [2025-05-23T03:39:15.436Z] May 23, 2025 3:39:15 AM io.gapi.emulators.netty.HttpVersionRoutingHandler channelRead
INFO: Detected non-HTTP/2 connection.
 {"metadata":{"emulator":{"name":"firestore"},"message":"May 23, 2025 3:39:15 AM io.gapi.emulators.netty.HttpVersionRoutingHandler channelRead\nINFO: Detected non-HTTP/2 connection.\n"}}
[debug] [2025-05-23T03:39:16.117Z] May 23, 2025 3:39:16 AM io.gapi.emulators.netty.HttpVersionRoutingHandler channelRead
INFO: Detected HTTP/2 connection.
 {"metadata":{"emulator":{"name":"firestore"},"message":"May 23, 2025 3:39:16 AM io.gapi.emulators.netty.HttpVersionRoutingHandler channelRead\nINFO: Detected HTTP/2 connection.\n"}}
[debug] [2025-05-23T03:39:53.851Z] May 23, 2025 3:39:53 AM io.gapi.emulators.netty.HttpVersionRoutingHandler channelRead
INFO: Detected non-HTTP/2 connection.
 {"metadata":{"emulator":{"name":"firestore"},"message":"May 23, 2025 3:39:53 AM io.gapi.emulators.netty.HttpVersionRoutingHandler channelRead\nINFO: Detected non-HTTP/2 connection.\n"}}
[debug] [2025-05-23T04:31:17.623Z] May 23, 2025 4:31:17 AM io.gapi.emulators.netty.HttpVersionRoutingHandler channelRead
INFO: Detected HTTP/2 connection.
 {"metadata":{"emulator":{"name":"firestore"},"message":"May 23, 2025 4:31:17 AM io.gapi.emulators.netty.HttpVersionRoutingHandler channelRead\nINFO: Detected HTTP/2 connection.\n"}}
[debug] [2025-05-23T04:37:03.696Z] May 23, 2025 4:37:03 AM com.google.cloud.datastore.emulator.firestore.websocket.WebSocketChannelHandler initChannel
INFO: Connected to new websocket client
 {"metadata":{"emulator":{"name":"firestore"},"message":"May 23, 2025 4:37:03 AM com.google.cloud.datastore.emulator.firestore.websocket.WebSocketChannelHandler initChannel\nINFO: Connected to new websocket client\n"}}
[debug] [2025-05-23T04:37:36.333Z] May 23, 2025 4:37:36 AM com.google.cloud.datastore.emulator.firestore.websocket.WebSocketChannelHandler channelClosed
INFO: Websocket client disconnected
 {"metadata":{"emulator":{"name":"firestore"},"message":"May 23, 2025 4:37:36 AM com.google.cloud.datastore.emulator.firestore.websocket.WebSocketChannelHandler channelClosed\nINFO: Websocket client disconnected\n"}}
